<?xml version="1.0" encoding="UTF-8"?>
<!-- Generated by org.testng.reporters.JUnitReportReporter -->
<testsuite hostname="DESKTOP-CT58SMB" failures="0" tests="3" name="Tests.UserRegisterationTest" time="19.167" errors="0" timestamp="2025-05-27T12:39:05 EEST" skipped="0">
  <testcase classname="Tests.UserRegisterationTest" name="userCanLogout" time="3.657"/>
  <testcase classname="Tests.UserRegisterationTest" name="userCanLoginSuccessfully" time="5.700"/>
  <testcase classname="Tests.UserRegisterationTest" name="userCanRegistersuccessfully" time="9.810"/>
</testsuite> <!-- Tests.UserRegisterationTest -->
