<?xml version="1.0" encoding="UTF-8"?>
<!-- Generated by org.testng.reporters.JUnitReportReporter -->
<testsuite hostname="DESKTOP-CT58SMB" failures="0" tests="4" name="Tests.UserRegisterationTestWithDDTAndDataProvider" time="24.744" errors="0" timestamp="2025-04-28T14:00:02 EEST" skipped="0">
  <testcase classname="Tests.UserRegisterationTestWithDDTAndDataProvider" name="userCanLoginSuccessfully" time="6.073"/>
  <testcase classname="Tests.UserRegisterationTestWithDDTAndDataProvider" name="userCanLogout" time="4.275"/>
  <testcase classname="Tests.UserRegisterationTestWithDDTAndDataProvider" name="userCanRegistersuccessfully" time="7.263"/>
  <testcase classname="Tests.UserRegisterationTestWithDDTAndDataProvider" name="userCanRegistersuccessfully" time="7.133"/>
</testsuite> <!-- Tests.UserRegisterationTestWithDDTAndDataProvider -->
