<?xml version="1.0" encoding="UTF-8"?>
<!-- Generated by org.testng.reporters.JUnitReportReporter -->
<testsuite hostname="DESKTOP-CT58SMB" failures="0" tests="3" name="Tests.RegisteredUserCheckOutAndDownloadInvoiceTest" time="23.436" errors="0" timestamp="2025-05-27T12:39:05 EEST" skipped="0">
  <testcase classname="Tests.RegisteredUserCheckOutAndDownloadInvoiceTest" name="UserCanAddProductToCart" time="6.162"/>
  <testcase classname="Tests.RegisteredUserCheckOutAndDownloadInvoiceTest" name="registeredUserCanCheckOut" time="10.706"/>
  <testcase classname="Tests.RegisteredUserCheckOutAndDownloadInvoiceTest" name="userCanRegistersuccessfully" time="6.568"/>
</testsuite> <!-- Tests.RegisteredUserCheckOutAndDownloadInvoiceTest -->
