<?xml version="1.0" encoding="UTF-8"?>
<!-- Generated by org.testng.reporters.JUnitReportReporter -->
<testsuite hostname="DESKTOP-CT58SMB" failures="0" tests="1" name="Tests.ContactUSTest" time="2.342" errors="0" timestamp="2025-05-27T12:39:05 EEST" skipped="0">
  <testcase classname="Tests.ContactUSTest" name="userCanUseContactUs" time="2.342"/>
</testsuite> <!-- Tests.ContactUSTest -->
