<?xml version="1.0" encoding="UTF-8"?>
<!-- Generated by org.testng.reporters.JUnitReportReporter -->
<testsuite hostname="DESKTOP-CT58SMB" failures="0" tests="3" name="Tests.UserRegisterationTestWithDDTAndPropertiesFile" time="16.983" errors="0" timestamp="2025-04-28T14:10:02 EEST" skipped="0">
  <testcase classname="Tests.UserRegisterationTestWithDDTAndPropertiesFile" name="userCanLoginSuccessfully" time="5.787"/>
  <testcase classname="Tests.UserRegisterationTestWithDDTAndPropertiesFile" name="userCanLogout" time="3.729"/>
  <testcase classname="Tests.UserRegisterationTestWithDDTAndPropertiesFile" name="userCanRegistersuccessfully" time="7.467"/>
</testsuite> <!-- Tests.UserRegisterationTestWithDDTAndPropertiesFile -->
