<?xml version="1.0" encoding="UTF-8"?>
<!-- Generated by org.testng.reporters.JUnitReportReporter -->
<testsuite hostname="DESKTOP-CT58SMB" failures="0" tests="1" name="Tests.ContactUSTest" time="2.554" errors="0" timestamp="2025-05-08T11:56:50 EEST" skipped="0">
  <testcase classname="Tests.ContactUSTest" name="userCanUseContactUs" time="2.554"/>
</testsuite> <!-- Tests.ContactUSTest -->
