<?xml version="1.0" encoding="UTF-8"?>
<!-- Generated by org.testng.reporters.JUnitReportReporter -->
<testsuite hostname="DESKTOP-CT58SMB" failures="0" tests="3" name="Tests.RegisteredUserCheckOutAndDownloadInvoiceTest" time="27.069" errors="0" timestamp="2025-05-08T11:56:50 EEST" skipped="0">
  <testcase classname="Tests.RegisteredUserCheckOutAndDownloadInvoiceTest" name="registeredUserCanCheckOut" time="10.792"/>
  <testcase classname="Tests.RegisteredUserCheckOutAndDownloadInvoiceTest" name="UserCanAddProductToCart" time="7.752"/>
  <testcase classname="Tests.RegisteredUserCheckOutAndDownloadInvoiceTest" name="userCanRegistersuccessfully" time="8.525"/>
</testsuite> <!-- Tests.RegisteredUserCheckOutAndDownloadInvoiceTest -->
