<?xml version="1.0" encoding="UTF-8"?>
<!-- Generated by org.testng.reporters.JUnitReportReporter -->
<testsuite hostname="DESKTOP-CT58SMB" failures="0" tests="3" name="Tests.UserRegisterationTestWithJavaFaker" time="20.279" errors="0" timestamp="2025-05-01T18:08:07 EEST" skipped="0">
  <testcase classname="Tests.UserRegisterationTestWithJavaFaker" name="userCanLoginSuccessfully" time="5.959"/>
  <testcase classname="Tests.UserRegisterationTestWithJavaFaker" name="userCanLogout" time="4.642"/>
  <testcase classname="Tests.UserRegisterationTestWithJavaFaker" name="userCanRegistersuccessfully" time="9.678"/>
</testsuite> <!-- Tests.UserRegisterationTestWithJavaFaker -->
