<?xml version="1.0" encoding="UTF-8"?>
<!-- Generated by org.testng.reporters.JUnitReportReporter -->
<testsuite hostname="DESKTOP-CT58SMB" failures="0" tests="3" name="Tests.UserRegisterationTest" time="27.865" errors="0" timestamp="2025-05-08T11:56:50 EEST" skipped="0">
  <testcase classname="Tests.UserRegisterationTest" name="userCanLoginSuccessfully" time="6.203"/>
  <testcase classname="Tests.UserRegisterationTest" name="userCanLogout" time="7.193"/>
  <testcase classname="Tests.UserRegisterationTest" name="userCanRegistersuccessfully" time="14.469"/>
</testsuite> <!-- Tests.UserRegisterationTest -->
