<?xml version="1.0" encoding="UTF-8"?>
<!-- Generated by org.testng.reporters.JUnitReportReporter -->
<testsuite hostname="DESKTOP-CT58SMB" failures="0" tests="1" name="Tests.UserRegisterationTestWithDDTAndJSONFile" time="34.952" errors="0" timestamp="2025-05-01T16:37:19 EEST" skipped="0">
  <testcase classname="Tests.UserRegisterationTestWithDDTAndJSONFile" name="userCanRegistersuccessfully" time="34.952"/>
</testsuite> <!-- Tests.UserRegisterationTestWithDDTAndJSONFile -->
