<?xml version="1.0" encoding="UTF-8"?>
<!-- Generated by org.testng.reporters.JUnitReportReporter -->
<testsuite hostname="DESKTOP-CT58SMB" failures="0" tests="1" name="Tests.AddProductToCartTest" time="6.445" errors="0" timestamp="2025-05-27T12:39:05 EEST" skipped="0">
  <testcase classname="Tests.AddProductToCartTest" name="UserCanAddProductToCart" time="6.445"/>
</testsuite> <!-- Tests.AddProductToCartTest -->
