<?xml version="1.0" encoding="UTF-8"?>
<!-- Generated by org.testng.reporters.JUnitReportReporter -->
<testsuite hostname="DESKTOP-CT58SMB" failures="0" tests="5" name="Tests.UserRegisterationTestWithDDTAndExcelFile" time="38.565" errors="0" timestamp="2025-04-28T19:08:23 EEST" skipped="0">
  <testcase classname="Tests.UserRegisterationTestWithDDTAndExcelFile" name="userCanLogout" time="4.719"/>
  <testcase classname="Tests.UserRegisterationTestWithDDTAndExcelFile" name="userCanLoginSuccessfully" time="5.626"/>
  <testcase classname="Tests.UserRegisterationTestWithDDTAndExcelFile" name="userCanRegistersuccessfully" time="9.534"/>
  <testcase classname="Tests.UserRegisterationTestWithDDTAndExcelFile" name="userCanRegistersuccessfully" time="7.730"/>
  <testcase classname="Tests.UserRegisterationTestWithDDTAndExcelFile" name="userCanRegistersuccessfully" time="10.956"/>
</testsuite> <!-- Tests.UserRegisterationTestWithDDTAndExcelFile -->
