<?xml version="1.0" encoding="UTF-8"?>
<!-- Generated by org.testng.reporters.JUnitReportReporter -->
<testsuite hostname="DESKTOP-CT58SMB" failures="0" tests="3" name="runner.TestRunner" time="68.651" errors="0" timestamp="2025-05-20T22:44:45 EEST" skipped="0">
  <testcase classname="runner.TestRunner" name="runScenario" time="19.173"/>
  <testcase classname="runner.TestRunner" name="runScenario" time="34.272"/>
  <testcase classname="runner.TestRunner" name="runScenario" time="15.206"/>
</testsuite> <!-- runner.TestRunner -->
