<?xml version="1.0" encoding="UTF-8"?>
<!-- Generated by org.testng.reporters.JUnitReportReporter -->
<testsuite hostname="DESKTOP-CT58SMB" failures="0" tests="3" name="Tests.RegisteredUserCheckOutTest" time="21.888" errors="0" timestamp="2025-05-06T12:20:42 EEST" skipped="0">
  <testcase classname="Tests.RegisteredUserCheckOutTest" name="UserCanAddProductToCart" time="7.542"/>
  <testcase classname="Tests.RegisteredUserCheckOutTest" name="registeredUserCanCheckOut" time="5.405"/>
  <testcase classname="Tests.RegisteredUserCheckOutTest" name="userCanRegistersuccessfully" time="8.941"/>
</testsuite> <!-- Tests.RegisteredUserCheckOutTest -->
