<?xml version="1.0" encoding="UTF-8"?>
<!-- Generated by org.testng.reporters.JUnitReportReporter -->
<testsuite hostname="DESKTOP-CT58SMB" failures="0" tests="1" name="Tests.SearchProductTest" time="8.802" errors="0" timestamp="2025-05-08T11:56:50 EEST" skipped="0">
  <testcase classname="Tests.SearchProductTest" name="userCanSearchForProduct" time="8.802"/>
</testsuite> <!-- Tests.SearchProductTest -->
