<?xml version="1.0" encoding="UTF-8"?>
<!-- Generated by org.testng.reporters.JUnitReportReporter -->
<testsuite hostname="DESKTOP-CT58SMB" failures="0" tests="1" name="Tests.AddProductToCartTest" time="9.222" errors="0" timestamp="2025-05-08T11:56:50 EEST" skipped="0">
  <testcase classname="Tests.AddProductToCartTest" name="UserCanAddProductToCart" time="9.222"/>
</testsuite> <!-- Tests.AddProductToCartTest -->
