<?xml version="1.0" encoding="UTF-8"?>
<!-- Generated by org.testng.reporters.JUnitReportReporter -->
<testsuite hostname="DESKTOP-CT58SMB" failures="0" tests="1" name="Tests.UserLoginTest" time="5.420" errors="0" timestamp="2025-05-27T12:39:05 EEST" skipped="0">
  <testcase classname="Tests.UserLoginTest" name="userCanLoginSuccessfully" time="5.420"/>
</testsuite> <!-- Tests.UserLoginTest -->
