<?xml version="1.0" encoding="UTF-8"?>
<!-- Generated by org.testng.reporters.JUnitReportReporter -->
<testsuite hostname="DESKTOP-CT58SMB" failures="0" tests="3" name="Tests.UnregisteredUserCheckOutAndDownloadInvoiceTest" time="29.376" errors="0" timestamp="2025-05-08T11:56:50 EEST" skipped="0">
  <testcase classname="Tests.UnregisteredUserCheckOutAndDownloadInvoiceTest" name="UserCanAddProductToCart" time="11.302"/>
  <testcase classname="Tests.UnregisteredUserCheckOutAndDownloadInvoiceTest" name="guestUserCanLoginORRegister" time="5.130"/>
  <testcase classname="Tests.UnregisteredUserCheckOutAndDownloadInvoiceTest" name="registeredUserCanCheckOut" time="12.944"/>
</testsuite> <!-- Tests.UnregisteredUserCheckOutAndDownloadInvoiceTest -->
