<?xml version="1.0" encoding="UTF-8"?>
<!-- Generated by org.testng.reporters.JUnitReportReporter -->
<testsuite hostname="DESKTOP-CT58SMB" failures="0" tests="3" name="Tests.UserRegisterationTestWithDDTAndCSVFile" time="49.865" errors="0" timestamp="2025-04-29T16:01:33 EEST" skipped="0">
  <testcase classname="Tests.UserRegisterationTestWithDDTAndCSVFile" name="userCanLogout" time="1.840"/>
  <testcase classname="Tests.UserRegisterationTestWithDDTAndCSVFile" name="userCanLoginSuccessfully" time="7.472"/>
  <testcase classname="Tests.UserRegisterationTestWithDDTAndCSVFile" name="userCanRegistersuccessfully" time="40.553"/>
</testsuite> <!-- Tests.UserRegisterationTestWithDDTAndCSVFile -->
