<?xml version="1.0" encoding="UTF-8"?>
<!-- Generated by org.testng.reporters.JUnitReportReporter -->
<testsuite hostname="DESKTOP-CT58SMB" failures="0" tests="1" name="Tests.AddProductToCartTest" time="6.397" errors="0" timestamp="2025-05-18T18:22:28 EEST" skipped="0">
  <testcase classname="Tests.AddProductToCartTest" name="UserCanAddProductToCart" time="6.397"/>
</testsuite> <!-- Tests.AddProductToCartTest -->
